2015-06-11T10:55:58.303 DEBUG [org.springframework.core.env.StandardEnvironment] Adding [systemProperties] PropertySource with lowest search precedence
2015-06-11T10:55:58.307 DEBUG [org.springframework.core.env.StandardEnvironment] Adding [systemEnvironment] PropertySource with lowest search precedence
2015-06-11T10:55:58.307 DEBUG [org.springframework.core.env.StandardEnvironment] Initialized StandardEnvironment with PropertySources [systemProperties,systemEnvironment]
2015-06-11T10:55:58.374 INFO  [org.springframework.context.annotation.AnnotationConfigApplicationContext] Refreshing org.springframework.context.annotation.AnnotationConfigApplicationContext@15615099: startup date [Thu Jun 11 10:55:58 BST 2015]; root of context hierarchy
2015-06-11T10:55:58.375 DEBUG [org.springframework.context.annotation.AnnotationConfigApplicationContext] Bean factory for org.springframework.context.annotation.AnnotationConfigApplicationContext@15615099: org.springframework.beans.factory.support.DefaultListableBeanFactory@482f8f11: defining beans [org.springframework.context.annotation.internalConfigurationAnnotationProcessor,org.springframework.context.annotation.internalAutowiredAnnotationProcessor,org.springframework.context.annotation.internalRequiredAnnotationProcessor,org.springframework.context.annotation.internalCommonAnnotationProcessor,whatsTheTimeConfiguration]; root of factory hierarchy
2015-06-11T10:55:58.389 DEBUG [org.springframework.beans.factory.support.DefaultListableBeanFactory] Creating shared instance of singleton bean 'org.springframework.context.annotation.internalConfigurationAnnotationProcessor'
2015-06-11T10:55:58.389 DEBUG [org.springframework.beans.factory.support.DefaultListableBeanFactory] Creating instance of bean 'org.springframework.context.annotation.internalConfigurationAnnotationProcessor'
2015-06-11T10:55:58.409 DEBUG [org.springframework.beans.factory.support.DefaultListableBeanFactory] Eagerly caching bean 'org.springframework.context.annotation.internalConfigurationAnnotationProcessor' to allow for resolving potential circular references
2015-06-11T10:55:58.412 DEBUG [org.springframework.beans.factory.support.DefaultListableBeanFactory] Finished creating instance of bean 'org.springframework.context.annotation.internalConfigurationAnnotationProcessor'
2015-06-11T10:55:58.433 DEBUG [org.springframework.core.env.StandardEnvironment] Adding [systemProperties] PropertySource with lowest search precedence
2015-06-11T10:55:58.434 DEBUG [org.springframework.core.env.StandardEnvironment] Adding [systemEnvironment] PropertySource with lowest search precedence
2015-06-11T10:55:58.434 DEBUG [org.springframework.core.env.StandardEnvironment] Initialized StandardEnvironment with PropertySources [systemProperties,systemEnvironment]
2015-06-11T10:55:58.443 DEBUG [org.springframework.core.io.support.PathMatchingResourcePatternResolver] Looking for matching resources in directory tree [/Users/dev/Documents/djordje/cleanarchitecture/target/classes/com/djordje/cleanarchitecture]
2015-06-11T10:55:58.443 DEBUG [org.springframework.core.io.support.PathMatchingResourcePatternResolver] Searching directory [/Users/dev/Documents/djordje/cleanarchitecture/target/classes/com/djordje/cleanarchitecture] for files matching pattern [/Users/dev/Documents/djordje/cleanarchitecture/target/classes/com/djordje/cleanarchitecture/**/*.class]
2015-06-11T10:55:58.446 DEBUG [org.springframework.core.io.support.PathMatchingResourcePatternResolver] Searching directory [/Users/dev/Documents/djordje/cleanarchitecture/target/classes/com/djordje/cleanarchitecture/configuration] for files matching pattern [/Users/dev/Documents/djordje/cleanarchitecture/target/classes/com/djordje/cleanarchitecture/**/*.class]
2015-06-11T10:55:58.447 DEBUG [org.springframework.core.io.support.PathMatchingResourcePatternResolver] Searching directory [/Users/dev/Documents/djordje/cleanarchitecture/target/classes/com/djordje/cleanarchitecture/core] for files matching pattern [/Users/dev/Documents/djordje/cleanarchitecture/target/classes/com/djordje/cleanarchitecture/**/*.class]
2015-06-11T10:55:58.447 DEBUG [org.springframework.core.io.support.PathMatchingResourcePatternResolver] Searching directory [/Users/dev/Documents/djordje/cleanarchitecture/target/classes/com/djordje/cleanarchitecture/core/dataprovider] for files matching pattern [/Users/dev/Documents/djordje/cleanarchitecture/target/classes/com/djordje/cleanarchitecture/**/*.class]
2015-06-11T10:55:58.448 DEBUG [org.springframework.core.io.support.PathMatchingResourcePatternResolver] Searching directory [/Users/dev/Documents/djordje/cleanarchitecture/target/classes/com/djordje/cleanarchitecture/core/domain] for files matching pattern [/Users/dev/Documents/djordje/cleanarchitecture/target/classes/com/djordje/cleanarchitecture/**/*.class]
2015-06-11T10:55:58.449 DEBUG [org.springframework.core.io.support.PathMatchingResourcePatternResolver] Searching directory [/Users/dev/Documents/djordje/cleanarchitecture/target/classes/com/djordje/cleanarchitecture/core/usecase] for files matching pattern [/Users/dev/Documents/djordje/cleanarchitecture/target/classes/com/djordje/cleanarchitecture/**/*.class]
2015-06-11T10:55:58.449 DEBUG [org.springframework.core.io.support.PathMatchingResourcePatternResolver] Searching directory [/Users/dev/Documents/djordje/cleanarchitecture/target/classes/com/djordje/cleanarchitecture/dataproviders] for files matching pattern [/Users/dev/Documents/djordje/cleanarchitecture/target/classes/com/djordje/cleanarchitecture/**/*.class]
2015-06-11T10:55:58.450 DEBUG [org.springframework.core.io.support.PathMatchingResourcePatternResolver] Searching directory [/Users/dev/Documents/djordje/cleanarchitecture/target/classes/com/djordje/cleanarchitecture/entrypoints] for files matching pattern [/Users/dev/Documents/djordje/cleanarchitecture/target/classes/com/djordje/cleanarchitecture/**/*.class]
2015-06-11T10:55:58.453 DEBUG [org.springframework.core.io.support.PathMatchingResourcePatternResolver] Resolved location pattern [classpath*:com/djordje/cleanarchitecture/**/*.class] to resources [file [/Users/dev/Documents/djordje/cleanarchitecture/target/classes/com/djordje/cleanarchitecture/AutowiringSpringBeanJobFactory.class], file [/Users/dev/Documents/djordje/cleanarchitecture/target/classes/com/djordje/cleanarchitecture/configuration/WhatsTheTimeConfiguration.class], file [/Users/dev/Documents/djordje/cleanarchitecture/target/classes/com/djordje/cleanarchitecture/core/dataprovider/LocationRetriever.class], file [/Users/dev/Documents/djordje/cleanarchitecture/target/classes/com/djordje/cleanarchitecture/core/dataprovider/TimeOutputRenderer.class], file [/Users/dev/Documents/djordje/cleanarchitecture/target/classes/com/djordje/cleanarchitecture/core/dataprovider/TimeRetriever.class], file [/Users/dev/Documents/djordje/cleanarchitecture/target/classes/com/djordje/cleanarchitecture/core/domain/TimeReport.class], file [/Users/dev/Documents/djordje/cleanarchitecture/target/classes/com/djordje/cleanarchitecture/core/usecase/WhatsTheTime.class], file [/Users/dev/Documents/djordje/cleanarchitecture/target/classes/com/djordje/cleanarchitecture/dataproviders/LocationRetrieverDataProvider.class], file [/Users/dev/Documents/djordje/cleanarchitecture/target/classes/com/djordje/cleanarchitecture/dataproviders/TimeOutputRendererDataProvider.class], file [/Users/dev/Documents/djordje/cleanarchitecture/target/classes/com/djordje/cleanarchitecture/dataproviders/TimeRetrieverDataProvider.class], file [/Users/dev/Documents/djordje/cleanarchitecture/target/classes/com/djordje/cleanarchitecture/entrypoints/WhatsTheTimeManager.class], file [/Users/dev/Documents/djordje/cleanarchitecture/target/classes/com/djordje/cleanarchitecture/Main.class]]
2015-06-11T10:55:58.453 TRACE [org.springframework.context.annotation.ClassPathBeanDefinitionScanner] Scanning file [/Users/dev/Documents/djordje/cleanarchitecture/target/classes/com/djordje/cleanarchitecture/AutowiringSpringBeanJobFactory.class]
2015-06-11T10:55:58.469 TRACE [org.springframework.context.annotation.ClassPathBeanDefinitionScanner] Ignored because not matching any filter: file [/Users/dev/Documents/djordje/cleanarchitecture/target/classes/com/djordje/cleanarchitecture/AutowiringSpringBeanJobFactory.class]
2015-06-11T10:55:58.469 TRACE [org.springframework.context.annotation.ClassPathBeanDefinitionScanner] Scanning file [/Users/dev/Documents/djordje/cleanarchitecture/target/classes/com/djordje/cleanarchitecture/configuration/WhatsTheTimeConfiguration.class]
2015-06-11T10:55:58.474 TRACE [org.springframework.context.annotation.ClassPathBeanDefinitionScanner] Ignored because not matching any filter: file [/Users/dev/Documents/djordje/cleanarchitecture/target/classes/com/djordje/cleanarchitecture/configuration/WhatsTheTimeConfiguration.class]
2015-06-11T10:55:58.474 TRACE [org.springframework.context.annotation.ClassPathBeanDefinitionScanner] Scanning file [/Users/dev/Documents/djordje/cleanarchitecture/target/classes/com/djordje/cleanarchitecture/core/dataprovider/LocationRetriever.class]
2015-06-11T10:55:58.475 TRACE [org.springframework.context.annotation.ClassPathBeanDefinitionScanner] Ignored because not matching any filter: file [/Users/dev/Documents/djordje/cleanarchitecture/target/classes/com/djordje/cleanarchitecture/core/dataprovider/LocationRetriever.class]
2015-06-11T10:55:58.475 TRACE [org.springframework.context.annotation.ClassPathBeanDefinitionScanner] Scanning file [/Users/dev/Documents/djordje/cleanarchitecture/target/classes/com/djordje/cleanarchitecture/core/dataprovider/TimeOutputRenderer.class]
2015-06-11T10:55:58.475 TRACE [org.springframework.context.annotation.ClassPathBeanDefinitionScanner] Ignored because not matching any filter: file [/Users/dev/Documents/djordje/cleanarchitecture/target/classes/com/djordje/cleanarchitecture/core/dataprovider/TimeOutputRenderer.class]
2015-06-11T10:55:58.475 TRACE [org.springframework.context.annotation.ClassPathBeanDefinitionScanner] Scanning file [/Users/dev/Documents/djordje/cleanarchitecture/target/classes/com/djordje/cleanarchitecture/core/dataprovider/TimeRetriever.class]
2015-06-11T10:55:58.475 TRACE [org.springframework.context.annotation.ClassPathBeanDefinitionScanner] Ignored because not matching any filter: file [/Users/dev/Documents/djordje/cleanarchitecture/target/classes/com/djordje/cleanarchitecture/core/dataprovider/TimeRetriever.class]
2015-06-11T10:55:58.476 TRACE [org.springframework.context.annotation.ClassPathBeanDefinitionScanner] Scanning file [/Users/dev/Documents/djordje/cleanarchitecture/target/classes/com/djordje/cleanarchitecture/core/domain/TimeReport.class]
2015-06-11T10:55:58.476 TRACE [org.springframework.context.annotation.ClassPathBeanDefinitionScanner] Ignored because not matching any filter: file [/Users/dev/Documents/djordje/cleanarchitecture/target/classes/com/djordje/cleanarchitecture/core/domain/TimeReport.class]
2015-06-11T10:55:58.476 TRACE [org.springframework.context.annotation.ClassPathBeanDefinitionScanner] Scanning file [/Users/dev/Documents/djordje/cleanarchitecture/target/classes/com/djordje/cleanarchitecture/core/usecase/WhatsTheTime.class]
2015-06-11T10:55:58.478 DEBUG [org.springframework.context.annotation.ClassPathBeanDefinitionScanner] Identified candidate component class: file [/Users/dev/Documents/djordje/cleanarchitecture/target/classes/com/djordje/cleanarchitecture/core/usecase/WhatsTheTime.class]
2015-06-11T10:55:58.478 TRACE [org.springframework.context.annotation.ClassPathBeanDefinitionScanner] Scanning file [/Users/dev/Documents/djordje/cleanarchitecture/target/classes/com/djordje/cleanarchitecture/dataproviders/LocationRetrieverDataProvider.class]
2015-06-11T10:55:58.479 DEBUG [org.springframework.context.annotation.ClassPathBeanDefinitionScanner] Identified candidate component class: file [/Users/dev/Documents/djordje/cleanarchitecture/target/classes/com/djordje/cleanarchitecture/dataproviders/LocationRetrieverDataProvider.class]
2015-06-11T10:55:58.479 TRACE [org.springframework.context.annotation.ClassPathBeanDefinitionScanner] Scanning file [/Users/dev/Documents/djordje/cleanarchitecture/target/classes/com/djordje/cleanarchitecture/dataproviders/TimeOutputRendererDataProvider.class]
2015-06-11T10:55:58.479 DEBUG [org.springframework.context.annotation.ClassPathBeanDefinitionScanner] Identified candidate component class: file [/Users/dev/Documents/djordje/cleanarchitecture/target/classes/com/djordje/cleanarchitecture/dataproviders/TimeOutputRendererDataProvider.class]
2015-06-11T10:55:58.480 TRACE [org.springframework.context.annotation.ClassPathBeanDefinitionScanner] Scanning file [/Users/dev/Documents/djordje/cleanarchitecture/target/classes/com/djordje/cleanarchitecture/dataproviders/TimeRetrieverDataProvider.class]
2015-06-11T10:55:58.480 DEBUG [org.springframework.context.annotation.ClassPathBeanDefinitionScanner] Identified candidate component class: file [/Users/dev/Documents/djordje/cleanarchitecture/target/classes/com/djordje/cleanarchitecture/dataproviders/TimeRetrieverDataProvider.class]
2015-06-11T10:55:58.480 TRACE [org.springframework.context.annotation.ClassPathBeanDefinitionScanner] Scanning file [/Users/dev/Documents/djordje/cleanarchitecture/target/classes/com/djordje/cleanarchitecture/entrypoints/WhatsTheTimeManager.class]
2015-06-11T10:55:58.481 DEBUG [org.springframework.context.annotation.ClassPathBeanDefinitionScanner] Identified candidate component class: file [/Users/dev/Documents/djordje/cleanarchitecture/target/classes/com/djordje/cleanarchitecture/entrypoints/WhatsTheTimeManager.class]
2015-06-11T10:55:58.481 TRACE [org.springframework.context.annotation.ClassPathBeanDefinitionScanner] Scanning file [/Users/dev/Documents/djordje/cleanarchitecture/target/classes/com/djordje/cleanarchitecture/Main.class]
2015-06-11T10:55:58.481 TRACE [org.springframework.context.annotation.ClassPathBeanDefinitionScanner] Ignored because not matching any filter: file [/Users/dev/Documents/djordje/cleanarchitecture/target/classes/com/djordje/cleanarchitecture/Main.class]
2015-06-11T10:55:58.515 DEBUG [org.springframework.context.annotation.ConfigurationClassBeanDefinitionReader] Registering bean definition for @Bean method com.djordje.cleanarchitecture.configuration.WhatsTheTimeConfiguration.trigger()
2015-06-11T10:55:58.516 DEBUG [org.springframework.context.annotation.ConfigurationClassBeanDefinitionReader] Registering bean definition for @Bean method com.djordje.cleanarchitecture.configuration.WhatsTheTimeConfiguration.schedulerFactoryBean()
2015-06-11T10:55:58.517 DEBUG [org.springframework.context.annotation.ConfigurationClassBeanDefinitionReader] Registering bean definition for @Bean method com.djordje.cleanarchitecture.configuration.WhatsTheTimeConfiguration.springBeanJobFactory()
2015-06-11T10:55:58.518 DEBUG [org.springframework.context.annotation.ConfigurationClassBeanDefinitionReader] Registering bean definition for @Bean method com.djordje.cleanarchitecture.configuration.WhatsTheTimeConfiguration.jobDetail()
2015-06-11T10:55:58.611 DEBUG [org.springframework.context.annotation.ConfigurationClassEnhancer] Successfully enhanced com.djordje.cleanarchitecture.configuration.WhatsTheTimeConfiguration; enhanced class name is: com.djordje.cleanarchitecture.configuration.WhatsTheTimeConfiguration$$EnhancerBySpringCGLIB$$59faa3ed
2015-06-11T10:55:58.612 DEBUG [org.springframework.context.annotation.ConfigurationClassPostProcessor] Replacing bean definition 'whatsTheTimeConfiguration' existing class name 'com.djordje.cleanarchitecture.configuration.WhatsTheTimeConfiguration' with enhanced class name 'com.djordje.cleanarchitecture.configuration.WhatsTheTimeConfiguration$$EnhancerBySpringCGLIB$$59faa3ed'
2015-06-11T10:55:58.618 DEBUG [org.springframework.beans.factory.support.DefaultListableBeanFactory] Creating shared instance of singleton bean 'org.springframework.context.annotation.internalAutowiredAnnotationProcessor'
2015-06-11T10:55:58.619 DEBUG [org.springframework.beans.factory.support.DefaultListableBeanFactory] Creating instance of bean 'org.springframework.context.annotation.internalAutowiredAnnotationProcessor'
2015-06-11T10:55:58.620 DEBUG [org.springframework.beans.factory.support.DefaultListableBeanFactory] Eagerly caching bean 'org.springframework.context.annotation.internalAutowiredAnnotationProcessor' to allow for resolving potential circular references
2015-06-11T10:55:58.620 DEBUG [org.springframework.beans.factory.support.DefaultListableBeanFactory] Finished creating instance of bean 'org.springframework.context.annotation.internalAutowiredAnnotationProcessor'
2015-06-11T10:55:58.620 DEBUG [org.springframework.beans.factory.support.DefaultListableBeanFactory] Creating shared instance of singleton bean 'org.springframework.context.annotation.internalRequiredAnnotationProcessor'
2015-06-11T10:55:58.620 DEBUG [org.springframework.beans.factory.support.DefaultListableBeanFactory] Creating instance of bean 'org.springframework.context.annotation.internalRequiredAnnotationProcessor'
2015-06-11T10:55:58.621 DEBUG [org.springframework.beans.factory.support.DefaultListableBeanFactory] Eagerly caching bean 'org.springframework.context.annotation.internalRequiredAnnotationProcessor' to allow for resolving potential circular references
2015-06-11T10:55:58.621 DEBUG [org.springframework.beans.factory.support.DefaultListableBeanFactory] Finished creating instance of bean 'org.springframework.context.annotation.internalRequiredAnnotationProcessor'
2015-06-11T10:55:58.622 DEBUG [org.springframework.beans.factory.support.DefaultListableBeanFactory] Creating shared instance of singleton bean 'org.springframework.context.annotation.internalCommonAnnotationProcessor'
2015-06-11T10:55:58.622 DEBUG [org.springframework.beans.factory.support.DefaultListableBeanFactory] Creating instance of bean 'org.springframework.context.annotation.internalCommonAnnotationProcessor'
2015-06-11T10:55:58.627 DEBUG [org.springframework.beans.factory.support.DefaultListableBeanFactory] Eagerly caching bean 'org.springframework.context.annotation.internalCommonAnnotationProcessor' to allow for resolving potential circular references
2015-06-11T10:55:58.627 DEBUG [org.springframework.beans.factory.support.DefaultListableBeanFactory] Finished creating instance of bean 'org.springframework.context.annotation.internalCommonAnnotationProcessor'
2015-06-11T10:55:58.628 DEBUG [org.springframework.beans.factory.support.DefaultListableBeanFactory] Creating shared instance of singleton bean 'org.springframework.context.annotation.ConfigurationClassPostProcessor.importAwareProcessor'
2015-06-11T10:55:58.628 DEBUG [org.springframework.beans.factory.support.DefaultListableBeanFactory] Creating instance of bean 'org.springframework.context.annotation.ConfigurationClassPostProcessor.importAwareProcessor'
2015-06-11T10:55:58.628 DEBUG [org.springframework.beans.factory.support.DefaultListableBeanFactory] Eagerly caching bean 'org.springframework.context.annotation.ConfigurationClassPostProcessor.importAwareProcessor' to allow for resolving potential circular references
2015-06-11T10:55:58.628 DEBUG [org.springframework.beans.factory.support.DefaultListableBeanFactory] Finished creating instance of bean 'org.springframework.context.annotation.ConfigurationClassPostProcessor.importAwareProcessor'
2015-06-11T10:55:58.629 DEBUG [org.springframework.beans.factory.support.DefaultListableBeanFactory] Creating shared instance of singleton bean 'org.springframework.context.annotation.ConfigurationClassPostProcessor.enhancedConfigurationProcessor'
2015-06-11T10:55:58.629 DEBUG [org.springframework.beans.factory.support.DefaultListableBeanFactory] Creating instance of bean 'org.springframework.context.annotation.ConfigurationClassPostProcessor.enhancedConfigurationProcessor'
2015-06-11T10:55:58.629 DEBUG [org.springframework.beans.factory.support.DefaultListableBeanFactory] Eagerly caching bean 'org.springframework.context.annotation.ConfigurationClassPostProcessor.enhancedConfigurationProcessor' to allow for resolving potential circular references
2015-06-11T10:55:58.629 DEBUG [org.springframework.beans.factory.support.DefaultListableBeanFactory] Finished creating instance of bean 'org.springframework.context.annotation.ConfigurationClassPostProcessor.enhancedConfigurationProcessor'
2015-06-11T10:55:58.633 DEBUG [org.springframework.context.annotation.AnnotationConfigApplicationContext] Unable to locate MessageSource with name 'messageSource': using default [org.springframework.context.support.DelegatingMessageSource@3d8314f0]
2015-06-11T10:55:58.636 DEBUG [org.springframework.context.annotation.AnnotationConfigApplicationContext] Unable to locate ApplicationEventMulticaster with name 'applicationEventMulticaster': using default [org.springframework.context.event.SimpleApplicationEventMulticaster@2f490758]
2015-06-11T10:55:58.642 DEBUG [org.springframework.beans.factory.support.DefaultListableBeanFactory] Pre-instantiating singletons in org.springframework.beans.factory.support.DefaultListableBeanFactory@482f8f11: defining beans [org.springframework.context.annotation.internalConfigurationAnnotationProcessor,org.springframework.context.annotation.internalAutowiredAnnotationProcessor,org.springframework.context.annotation.internalRequiredAnnotationProcessor,org.springframework.context.annotation.internalCommonAnnotationProcessor,whatsTheTimeConfiguration,org.springframework.context.annotation.ConfigurationClassPostProcessor.importAwareProcessor,org.springframework.context.annotation.ConfigurationClassPostProcessor.enhancedConfigurationProcessor,whatsTheTime,locationRetrieverDataProvider,timeOutputRendererDataProvider,timeRetrieverDataProvider,whatsTheTimeManager,trigger,schedulerFactoryBean,springBeanJobFactory,jobDetail]; root of factory hierarchy
2015-06-11T10:55:58.642 DEBUG [org.springframework.beans.factory.support.DefaultListableBeanFactory] Returning cached instance of singleton bean 'org.springframework.context.annotation.internalConfigurationAnnotationProcessor'
2015-06-11T10:55:58.642 DEBUG [org.springframework.beans.factory.support.DefaultListableBeanFactory] Returning cached instance of singleton bean 'org.springframework.context.annotation.internalAutowiredAnnotationProcessor'
2015-06-11T10:55:58.642 DEBUG [org.springframework.beans.factory.support.DefaultListableBeanFactory] Returning cached instance of singleton bean 'org.springframework.context.annotation.internalRequiredAnnotationProcessor'
2015-06-11T10:55:58.642 DEBUG [org.springframework.beans.factory.support.DefaultListableBeanFactory] Returning cached instance of singleton bean 'org.springframework.context.annotation.internalCommonAnnotationProcessor'
2015-06-11T10:55:58.643 DEBUG [org.springframework.beans.factory.support.DefaultListableBeanFactory] Creating shared instance of singleton bean 'whatsTheTimeConfiguration'
2015-06-11T10:55:58.643 DEBUG [org.springframework.beans.factory.support.DefaultListableBeanFactory] Creating instance of bean 'whatsTheTimeConfiguration'
2015-06-11T10:55:58.649 DEBUG [org.springframework.beans.factory.support.DefaultListableBeanFactory] Eagerly caching bean 'whatsTheTimeConfiguration' to allow for resolving potential circular references
2015-06-11T10:55:58.654 TRACE [org.springframework.core.io.support.SpringFactoriesLoader] Loaded [org.springframework.beans.BeanInfoFactory] names: [org.springframework.beans.ExtendedBeanInfoFactory]
2015-06-11T10:55:58.655 TRACE [org.springframework.beans.CachedIntrospectionResults] Getting BeanInfo for class [com.djordje.cleanarchitecture.configuration.WhatsTheTimeConfiguration$$EnhancerBySpringCGLIB$$59faa3ed]
2015-06-11T10:55:58.660 TRACE [org.springframework.beans.CachedIntrospectionResults] Caching PropertyDescriptors for class [com.djordje.cleanarchitecture.configuration.WhatsTheTimeConfiguration$$EnhancerBySpringCGLIB$$59faa3ed]
2015-06-11T10:55:58.660 TRACE [org.springframework.beans.CachedIntrospectionResults] Found bean property 'beanFactory' of type [org.springframework.beans.factory.BeanFactory]
2015-06-11T10:55:58.663 TRACE [org.springframework.beans.CachedIntrospectionResults] Found bean property 'class' of type [java.lang.Class]
2015-06-11T10:55:58.666 DEBUG [org.springframework.beans.factory.support.DefaultListableBeanFactory] Finished creating instance of bean 'whatsTheTimeConfiguration'
2015-06-11T10:55:58.666 DEBUG [org.springframework.beans.factory.support.DefaultListableBeanFactory] Returning cached instance of singleton bean 'org.springframework.context.annotation.ConfigurationClassPostProcessor.importAwareProcessor'
2015-06-11T10:55:58.666 DEBUG [org.springframework.beans.factory.support.DefaultListableBeanFactory] Returning cached instance of singleton bean 'org.springframework.context.annotation.ConfigurationClassPostProcessor.enhancedConfigurationProcessor'
2015-06-11T10:55:58.666 DEBUG [org.springframework.beans.factory.support.DefaultListableBeanFactory] Creating shared instance of singleton bean 'whatsTheTime'
2015-06-11T10:55:58.667 DEBUG [org.springframework.beans.factory.support.DefaultListableBeanFactory] Creating instance of bean 'whatsTheTime'
2015-06-11T10:55:58.679 DEBUG [org.springframework.beans.factory.support.DefaultListableBeanFactory] Creating shared instance of singleton bean 'timeRetrieverDataProvider'
2015-06-11T10:55:58.680 DEBUG [org.springframework.beans.factory.support.DefaultListableBeanFactory] Creating instance of bean 'timeRetrieverDataProvider'
2015-06-11T10:55:58.680 DEBUG [org.springframework.beans.factory.support.DefaultListableBeanFactory] Eagerly caching bean 'timeRetrieverDataProvider' to allow for resolving potential circular references
2015-06-11T10:55:58.680 TRACE [org.springframework.beans.CachedIntrospectionResults] Getting BeanInfo for class [com.djordje.cleanarchitecture.dataproviders.TimeRetrieverDataProvider]
2015-06-11T10:55:58.682 TRACE [org.springframework.beans.CachedIntrospectionResults] Caching PropertyDescriptors for class [com.djordje.cleanarchitecture.dataproviders.TimeRetrieverDataProvider]
2015-06-11T10:55:58.682 TRACE [org.springframework.beans.CachedIntrospectionResults] Found bean property 'class' of type [java.lang.Class]
2015-06-11T10:55:58.682 DEBUG [org.springframework.beans.factory.support.DefaultListableBeanFactory] Finished creating instance of bean 'timeRetrieverDataProvider'
2015-06-11T10:55:58.684 DEBUG [org.springframework.beans.factory.support.DefaultListableBeanFactory] Creating shared instance of singleton bean 'timeOutputRendererDataProvider'
2015-06-11T10:55:58.684 DEBUG [org.springframework.beans.factory.support.DefaultListableBeanFactory] Creating instance of bean 'timeOutputRendererDataProvider'
2015-06-11T10:55:58.685 DEBUG [org.springframework.beans.factory.support.DefaultListableBeanFactory] Eagerly caching bean 'timeOutputRendererDataProvider' to allow for resolving potential circular references
2015-06-11T10:55:58.685 TRACE [org.springframework.beans.CachedIntrospectionResults] Getting BeanInfo for class [com.djordje.cleanarchitecture.dataproviders.TimeOutputRendererDataProvider]
2015-06-11T10:55:58.686 TRACE [org.springframework.beans.CachedIntrospectionResults] Caching PropertyDescriptors for class [com.djordje.cleanarchitecture.dataproviders.TimeOutputRendererDataProvider]
2015-06-11T10:55:58.687 TRACE [org.springframework.beans.CachedIntrospectionResults] Found bean property 'class' of type [java.lang.Class]
2015-06-11T10:55:58.687 DEBUG [org.springframework.beans.factory.support.DefaultListableBeanFactory] Finished creating instance of bean 'timeOutputRendererDataProvider'
2015-06-11T10:55:58.687 DEBUG [org.springframework.beans.factory.support.DefaultListableBeanFactory] Autowiring by type from bean name 'whatsTheTime' via constructor to bean named 'timeRetrieverDataProvider'
2015-06-11T10:55:58.687 DEBUG [org.springframework.beans.factory.support.DefaultListableBeanFactory] Autowiring by type from bean name 'whatsTheTime' via constructor to bean named 'timeOutputRendererDataProvider'
2015-06-11T10:55:58.688 DEBUG [org.springframework.beans.factory.support.DefaultListableBeanFactory] Eagerly caching bean 'whatsTheTime' to allow for resolving potential circular references
2015-06-11T10:55:58.689 TRACE [org.springframework.beans.CachedIntrospectionResults] Getting BeanInfo for class [com.djordje.cleanarchitecture.core.usecase.WhatsTheTime]
2015-06-11T10:55:58.690 TRACE [org.springframework.beans.CachedIntrospectionResults] Caching PropertyDescriptors for class [com.djordje.cleanarchitecture.core.usecase.WhatsTheTime]
2015-06-11T10:55:58.691 TRACE [org.springframework.beans.CachedIntrospectionResults] Found bean property 'class' of type [java.lang.Class]
2015-06-11T10:55:58.691 DEBUG [org.springframework.beans.factory.support.DefaultListableBeanFactory] Finished creating instance of bean 'whatsTheTime'
2015-06-11T10:55:58.691 DEBUG [org.springframework.beans.factory.support.DefaultListableBeanFactory] Creating shared instance of singleton bean 'locationRetrieverDataProvider'
2015-06-11T10:55:58.691 DEBUG [org.springframework.beans.factory.support.DefaultListableBeanFactory] Creating instance of bean 'locationRetrieverDataProvider'
2015-06-11T10:55:58.692 DEBUG [org.springframework.beans.factory.support.DefaultListableBeanFactory] Eagerly caching bean 'locationRetrieverDataProvider' to allow for resolving potential circular references
2015-06-11T10:55:58.692 TRACE [org.springframework.beans.CachedIntrospectionResults] Getting BeanInfo for class [com.djordje.cleanarchitecture.dataproviders.LocationRetrieverDataProvider]
2015-06-11T10:55:58.693 TRACE [org.springframework.beans.CachedIntrospectionResults] Caching PropertyDescriptors for class [com.djordje.cleanarchitecture.dataproviders.LocationRetrieverDataProvider]
2015-06-11T10:55:58.693 TRACE [org.springframework.beans.CachedIntrospectionResults] Found bean property 'class' of type [java.lang.Class]
2015-06-11T10:55:58.694 DEBUG [org.springframework.beans.factory.support.DefaultListableBeanFactory] Finished creating instance of bean 'locationRetrieverDataProvider'
2015-06-11T10:55:58.694 DEBUG [org.springframework.beans.factory.support.DefaultListableBeanFactory] Returning cached instance of singleton bean 'timeOutputRendererDataProvider'
2015-06-11T10:55:58.694 DEBUG [org.springframework.beans.factory.support.DefaultListableBeanFactory] Returning cached instance of singleton bean 'timeRetrieverDataProvider'
2015-06-11T10:55:58.696 DEBUG [org.springframework.beans.factory.support.DefaultListableBeanFactory] Creating shared instance of singleton bean 'whatsTheTimeManager'
2015-06-11T10:55:58.696 DEBUG [org.springframework.beans.factory.support.DefaultListableBeanFactory] Creating instance of bean 'whatsTheTimeManager'
2015-06-11T10:55:58.700 DEBUG [org.springframework.beans.factory.annotation.InjectionMetadata] Registered injected element on class [com.djordje.cleanarchitecture.entrypoints.WhatsTheTimeManager]: AutowiredFieldElement for private com.djordje.cleanarchitecture.core.usecase.WhatsTheTime com.djordje.cleanarchitecture.entrypoints.WhatsTheTimeManager.usecase
2015-06-11T10:55:58.701 DEBUG [org.springframework.beans.factory.annotation.InjectionMetadata] Registered injected element on class [com.djordje.cleanarchitecture.entrypoints.WhatsTheTimeManager]: AutowiredFieldElement for private com.djordje.cleanarchitecture.core.dataprovider.LocationRetriever com.djordje.cleanarchitecture.entrypoints.WhatsTheTimeManager.locationDataProvider
2015-06-11T10:55:58.701 DEBUG [org.springframework.beans.factory.support.DefaultListableBeanFactory] Eagerly caching bean 'whatsTheTimeManager' to allow for resolving potential circular references
2015-06-11T10:55:58.701 TRACE [org.springframework.beans.CachedIntrospectionResults] Getting BeanInfo for class [com.djordje.cleanarchitecture.entrypoints.WhatsTheTimeManager]
2015-06-11T10:55:58.704 TRACE [org.springframework.beans.CachedIntrospectionResults] Caching PropertyDescriptors for class [com.djordje.cleanarchitecture.entrypoints.WhatsTheTimeManager]
2015-06-11T10:55:58.704 TRACE [org.springframework.beans.CachedIntrospectionResults] Found bean property 'class' of type [java.lang.Class]
2015-06-11T10:55:58.704 TRACE [org.springframework.beans.CachedIntrospectionResults] Found bean property 'locationDataProvider' of type [com.djordje.cleanarchitecture.core.dataprovider.LocationRetriever]
2015-06-11T10:55:58.705 TRACE [org.springframework.beans.CachedIntrospectionResults] Found bean property 'usecase' of type [com.djordje.cleanarchitecture.core.usecase.WhatsTheTime]
2015-06-11T10:55:58.705 DEBUG [org.springframework.beans.factory.annotation.InjectionMetadata] Processing injected element of bean 'whatsTheTimeManager': AutowiredFieldElement for private com.djordje.cleanarchitecture.core.usecase.WhatsTheTime com.djordje.cleanarchitecture.entrypoints.WhatsTheTimeManager.usecase
2015-06-11T10:55:58.706 DEBUG [org.springframework.beans.factory.support.DefaultListableBeanFactory] Returning cached instance of singleton bean 'whatsTheTime'
2015-06-11T10:55:58.706 DEBUG [org.springframework.beans.factory.annotation.AutowiredAnnotationBeanPostProcessor] Autowiring by type from bean name 'whatsTheTimeManager' to bean named 'whatsTheTime'
2015-06-11T10:55:58.707 DEBUG [org.springframework.beans.factory.annotation.InjectionMetadata] Processing injected element of bean 'whatsTheTimeManager': AutowiredFieldElement for private com.djordje.cleanarchitecture.core.dataprovider.LocationRetriever com.djordje.cleanarchitecture.entrypoints.WhatsTheTimeManager.locationDataProvider
2015-06-11T10:55:58.708 DEBUG [org.springframework.beans.factory.support.DefaultListableBeanFactory] Returning cached instance of singleton bean 'locationRetrieverDataProvider'
2015-06-11T10:55:58.708 DEBUG [org.springframework.beans.factory.annotation.AutowiredAnnotationBeanPostProcessor] Autowiring by type from bean name 'whatsTheTimeManager' to bean named 'locationRetrieverDataProvider'
2015-06-11T10:55:58.708 DEBUG [org.springframework.beans.factory.support.DefaultListableBeanFactory] Finished creating instance of bean 'whatsTheTimeManager'
2015-06-11T10:55:58.708 DEBUG [org.springframework.beans.factory.support.DefaultListableBeanFactory] Creating shared instance of singleton bean 'trigger'
2015-06-11T10:55:58.708 DEBUG [org.springframework.beans.factory.support.DefaultListableBeanFactory] Creating instance of bean 'trigger'
2015-06-11T10:55:58.709 DEBUG [org.springframework.beans.factory.support.DefaultListableBeanFactory] Returning cached instance of singleton bean 'whatsTheTimeConfiguration'
2015-06-11T10:55:58.728 DEBUG [org.springframework.beans.factory.support.DefaultListableBeanFactory] Creating shared instance of singleton bean 'jobDetail'
2015-06-11T10:55:58.729 DEBUG [org.springframework.beans.factory.support.DefaultListableBeanFactory] Creating instance of bean 'jobDetail'
2015-06-11T10:55:58.729 DEBUG [org.springframework.beans.factory.support.DefaultListableBeanFactory] Returning cached instance of singleton bean 'whatsTheTimeConfiguration'
2015-06-11T10:55:58.732 DEBUG [org.springframework.beans.factory.support.DefaultListableBeanFactory] Eagerly caching bean 'jobDetail' to allow for resolving potential circular references
2015-06-11T10:55:58.732 TRACE [org.springframework.beans.CachedIntrospectionResults] Getting BeanInfo for class [org.quartz.impl.JobDetailImpl]
2015-06-11T10:55:58.737 TRACE [org.springframework.beans.CachedIntrospectionResults] Caching PropertyDescriptors for class [org.quartz.impl.JobDetailImpl]
2015-06-11T10:55:58.737 TRACE [org.springframework.beans.CachedIntrospectionResults] Found bean property 'class' of type [java.lang.Class]
2015-06-11T10:55:58.737 TRACE [org.springframework.beans.CachedIntrospectionResults] Found bean property 'concurrentExectionDisallowed' of type [boolean]
2015-06-11T10:55:58.738 TRACE [org.springframework.beans.CachedIntrospectionResults] Found bean property 'description' of type [java.lang.String]
2015-06-11T10:55:58.738 TRACE [org.springframework.beans.CachedIntrospectionResults] Found bean property 'durability' of type [boolean]
2015-06-11T10:55:58.738 TRACE [org.springframework.beans.CachedIntrospectionResults] Found bean property 'durable' of type [boolean]
2015-06-11T10:55:58.738 TRACE [org.springframework.beans.CachedIntrospectionResults] Found bean property 'fullName' of type [java.lang.String]
2015-06-11T10:55:58.739 TRACE [org.springframework.beans.CachedIntrospectionResults] Found bean property 'group' of type [java.lang.String]
2015-06-11T10:55:58.739 TRACE [org.springframework.beans.CachedIntrospectionResults] Found bean property 'jobBuilder' of type [org.quartz.JobBuilder]
2015-06-11T10:55:58.739 TRACE [org.springframework.beans.CachedIntrospectionResults] Found bean property 'jobClass' of type [java.lang.Class]
2015-06-11T10:55:58.740 TRACE [org.springframework.beans.CachedIntrospectionResults] Found bean property 'jobDataMap' of type [org.quartz.JobDataMap]
2015-06-11T10:55:58.740 TRACE [org.springframework.beans.CachedIntrospectionResults] Found bean property 'key' of type [org.quartz.JobKey]
2015-06-11T10:55:58.740 TRACE [org.springframework.beans.CachedIntrospectionResults] Found bean property 'name' of type [java.lang.String]
2015-06-11T10:55:58.741 TRACE [org.springframework.beans.CachedIntrospectionResults] Found bean property 'persistJobDataAfterExecution' of type [boolean]
2015-06-11T10:55:58.741 TRACE [org.springframework.beans.CachedIntrospectionResults] Found bean property 'requestsRecovery' of type [boolean]
2015-06-11T10:55:58.741 DEBUG [org.springframework.beans.factory.support.DefaultListableBeanFactory] Finished creating instance of bean 'jobDetail'
2015-06-11T10:55:58.749 DEBUG [org.springframework.beans.factory.support.DefaultListableBeanFactory] Eagerly caching bean 'trigger' to allow for resolving potential circular references
2015-06-11T10:55:58.749 TRACE [org.springframework.beans.CachedIntrospectionResults] Getting BeanInfo for class [org.quartz.impl.triggers.SimpleTriggerImpl]
2015-06-11T10:55:58.760 TRACE [org.springframework.beans.CachedIntrospectionResults] Caching PropertyDescriptors for class [org.quartz.impl.triggers.SimpleTriggerImpl]
2015-06-11T10:55:58.760 TRACE [org.springframework.beans.CachedIntrospectionResults] Found bean property 'calendarName' of type [java.lang.String]
2015-06-11T10:55:58.761 TRACE [org.springframework.beans.CachedIntrospectionResults] Found bean property 'class' of type [java.lang.Class]
2015-06-11T10:55:58.762 TRACE [org.springframework.beans.CachedIntrospectionResults] Found bean property 'description' of type [java.lang.String]
2015-06-11T10:55:58.762 TRACE [org.springframework.beans.CachedIntrospectionResults] Found bean property 'endTime' of type [java.util.Date]
2015-06-11T10:55:58.762 TRACE [org.springframework.beans.CachedIntrospectionResults] Found bean property 'finalFireTime' of type [java.util.Date]
2015-06-11T10:55:58.762 TRACE [org.springframework.beans.CachedIntrospectionResults] Found bean property 'fireInstanceId' of type [java.lang.String]
2015-06-11T10:55:58.763 TRACE [org.springframework.beans.CachedIntrospectionResults] Found bean property 'fullJobName' of type [java.lang.String]
2015-06-11T10:55:58.763 TRACE [org.springframework.beans.CachedIntrospectionResults] Found bean property 'fullName' of type [java.lang.String]
2015-06-11T10:55:58.764 TRACE [org.springframework.beans.CachedIntrospectionResults] Found bean property 'group' of type [java.lang.String]
2015-06-11T10:55:58.764 TRACE [org.springframework.beans.CachedIntrospectionResults] Found bean property 'jobDataMap' of type [org.quartz.JobDataMap]
2015-06-11T10:55:58.765 TRACE [org.springframework.beans.CachedIntrospectionResults] Found bean property 'jobGroup' of type [java.lang.String]
2015-06-11T10:55:58.765 TRACE [org.springframework.beans.CachedIntrospectionResults] Found bean property 'jobKey' of type [org.quartz.JobKey]
2015-06-11T10:55:58.766 TRACE [org.springframework.beans.CachedIntrospectionResults] Found bean property 'jobName' of type [java.lang.String]
2015-06-11T10:55:58.767 TRACE [org.springframework.beans.CachedIntrospectionResults] Found bean property 'key' of type [org.quartz.TriggerKey]
2015-06-11T10:55:58.767 TRACE [org.springframework.beans.CachedIntrospectionResults] Found bean property 'misfireInstruction' of type [int]
2015-06-11T10:55:58.768 TRACE [org.springframework.beans.CachedIntrospectionResults] Found bean property 'name' of type [java.lang.String]
2015-06-11T10:55:58.769 TRACE [org.springframework.beans.CachedIntrospectionResults] Found bean property 'nextFireTime' of type [java.util.Date]
2015-06-11T10:55:58.769 TRACE [org.springframework.beans.CachedIntrospectionResults] Found bean property 'previousFireTime' of type [java.util.Date]
2015-06-11T10:55:58.769 TRACE [org.springframework.beans.CachedIntrospectionResults] Found bean property 'priority' of type [int]
2015-06-11T10:55:58.769 TRACE [org.springframework.beans.CachedIntrospectionResults] Found bean property 'repeatCount' of type [int]
2015-06-11T10:55:58.770 TRACE [org.springframework.beans.CachedIntrospectionResults] Found bean property 'repeatInterval' of type [long]
2015-06-11T10:55:58.770 TRACE [org.springframework.beans.CachedIntrospectionResults] Found bean property 'scheduleBuilder' of type [org.quartz.ScheduleBuilder]
2015-06-11T10:55:58.771 TRACE [org.springframework.beans.CachedIntrospectionResults] Found bean property 'startTime' of type [java.util.Date]
2015-06-11T10:55:58.771 TRACE [org.springframework.beans.CachedIntrospectionResults] Found bean property 'timesTriggered' of type [int]
2015-06-11T10:55:58.771 TRACE [org.springframework.beans.CachedIntrospectionResults] Found bean property 'triggerBuilder' of type [org.quartz.TriggerBuilder]
2015-06-11T10:55:58.772 DEBUG [org.springframework.beans.factory.support.DefaultListableBeanFactory] Finished creating instance of bean 'trigger'
2015-06-11T10:55:58.773 DEBUG [org.springframework.beans.factory.support.DefaultListableBeanFactory] Creating shared instance of singleton bean 'schedulerFactoryBean'
2015-06-11T10:55:58.773 DEBUG [org.springframework.beans.factory.support.DefaultListableBeanFactory] Creating instance of bean 'schedulerFactoryBean'
2015-06-11T10:55:58.773 DEBUG [org.springframework.beans.factory.support.DefaultListableBeanFactory] Returning cached instance of singleton bean 'whatsTheTimeConfiguration'
2015-06-11T10:55:58.782 DEBUG [org.springframework.beans.factory.support.DefaultListableBeanFactory] Returning cached instance of singleton bean 'trigger'
2015-06-11T10:55:58.783 DEBUG [org.springframework.beans.factory.support.DefaultListableBeanFactory] Returning cached instance of singleton bean 'jobDetail'
2015-06-11T10:55:58.784 DEBUG [org.springframework.beans.factory.support.DefaultListableBeanFactory] Creating shared instance of singleton bean 'springBeanJobFactory'
2015-06-11T10:55:58.784 DEBUG [org.springframework.beans.factory.support.DefaultListableBeanFactory] Creating instance of bean 'springBeanJobFactory'
2015-06-11T10:55:58.784 DEBUG [org.springframework.beans.factory.support.DefaultListableBeanFactory] Returning cached instance of singleton bean 'whatsTheTimeConfiguration'
2015-06-11T10:55:58.786 DEBUG [org.springframework.beans.factory.support.DefaultListableBeanFactory] Eagerly caching bean 'springBeanJobFactory' to allow for resolving potential circular references
2015-06-11T10:55:58.786 TRACE [org.springframework.beans.CachedIntrospectionResults] Getting BeanInfo for class [com.djordje.cleanarchitecture.AutowiringSpringBeanJobFactory]
2015-06-11T10:55:58.791 TRACE [org.springframework.beans.CachedIntrospectionResults] Caching PropertyDescriptors for class [com.djordje.cleanarchitecture.AutowiringSpringBeanJobFactory]
2015-06-11T10:55:58.791 TRACE [org.springframework.beans.CachedIntrospectionResults] Found bean property 'applicationContext' of type [org.springframework.context.ApplicationContext]
2015-06-11T10:55:58.791 TRACE [org.springframework.beans.CachedIntrospectionResults] Found bean property 'class' of type [java.lang.Class]
2015-06-11T10:55:58.791 TRACE [org.springframework.beans.CachedIntrospectionResults] Found bean property 'ignoredUnknownProperties' of type [[Ljava.lang.String;]
2015-06-11T10:55:58.791 TRACE [org.springframework.beans.CachedIntrospectionResults] Found bean property 'schedulerContext' of type [org.quartz.SchedulerContext]
2015-06-11T10:55:58.792 DEBUG [org.springframework.beans.factory.support.DefaultListableBeanFactory] Finished creating instance of bean 'springBeanJobFactory'
2015-06-11T10:55:58.795 DEBUG [org.springframework.beans.factory.support.DefaultListableBeanFactory] Eagerly caching bean 'schedulerFactoryBean' to allow for resolving potential circular references
2015-06-11T10:55:58.795 TRACE [org.springframework.beans.CachedIntrospectionResults] Getting BeanInfo for class [org.springframework.scheduling.quartz.SchedulerFactoryBean]
2015-06-11T10:55:58.800 TRACE [org.springframework.beans.CachedIntrospectionResults] Caching PropertyDescriptors for class [org.springframework.scheduling.quartz.SchedulerFactoryBean]
2015-06-11T10:55:58.800 TRACE [org.springframework.beans.CachedIntrospectionResults] Found bean property 'applicationContext' of type [org.springframework.context.ApplicationContext]
2015-06-11T10:55:58.800 TRACE [org.springframework.beans.CachedIntrospectionResults] Found bean property 'applicationContextSchedulerContextKey' of type [java.lang.String]
2015-06-11T10:55:58.800 TRACE [org.springframework.beans.CachedIntrospectionResults] Found bean property 'autoStartup' of type [boolean]
2015-06-11T10:55:58.800 TRACE [org.springframework.beans.CachedIntrospectionResults] Found bean property 'beanName' of type [java.lang.String]
2015-06-11T10:55:58.800 TRACE [org.springframework.beans.CachedIntrospectionResults] Found bean property 'calendars' of type [java.util.Map]
2015-06-11T10:55:58.801 TRACE [org.springframework.beans.CachedIntrospectionResults] Found bean property 'class' of type [java.lang.Class]
2015-06-11T10:55:58.801 TRACE [org.springframework.beans.CachedIntrospectionResults] Found bean property 'configLocation' of type [org.springframework.core.io.Resource]
2015-06-11T10:55:58.801 TRACE [org.springframework.beans.CachedIntrospectionResults] Found bean property 'dataSource' of type [javax.sql.DataSource]
2015-06-11T10:55:58.801 TRACE [org.springframework.beans.CachedIntrospectionResults] Found bean property 'exposeSchedulerInRepository' of type [boolean]
2015-06-11T10:55:58.802 TRACE [org.springframework.beans.CachedIntrospectionResults] Found bean property 'globalJobListeners' of type [[Lorg.quartz.JobListener;]
2015-06-11T10:55:58.802 TRACE [org.springframework.beans.CachedIntrospectionResults] Found bean property 'globalTriggerListeners' of type [[Lorg.quartz.TriggerListener;]
2015-06-11T10:55:58.802 TRACE [org.springframework.beans.CachedIntrospectionResults] Found bean property 'jobDetails' of type [[Lorg.quartz.JobDetail;]
2015-06-11T10:55:58.802 TRACE [org.springframework.beans.CachedIntrospectionResults] Found bean property 'jobFactory' of type [org.quartz.spi.JobFactory]
2015-06-11T10:55:58.802 TRACE [org.springframework.beans.CachedIntrospectionResults] Found bean property 'jobSchedulingDataLocation' of type [java.lang.String]
2015-06-11T10:55:58.802 TRACE [org.springframework.beans.CachedIntrospectionResults] Found bean property 'jobSchedulingDataLocations' of type [[Ljava.lang.String;]
2015-06-11T10:55:58.803 TRACE [org.springframework.beans.CachedIntrospectionResults] Found bean property 'nonTransactionalDataSource' of type [javax.sql.DataSource]
2015-06-11T10:55:58.803 TRACE [org.springframework.beans.CachedIntrospectionResults] Found bean property 'object' of type [org.quartz.Scheduler]
2015-06-11T10:55:58.803 TRACE [org.springframework.beans.CachedIntrospectionResults] Found bean property 'objectType' of type [java.lang.Class]
2015-06-11T10:55:58.803 TRACE [org.springframework.beans.CachedIntrospectionResults] Found bean property 'overwriteExistingJobs' of type [boolean]
2015-06-11T10:55:58.804 TRACE [org.springframework.beans.CachedIntrospectionResults] Found bean property 'phase' of type [int]
2015-06-11T10:55:58.804 TRACE [org.springframework.beans.CachedIntrospectionResults] Found bean property 'quartzProperties' of type [java.util.Properties]
2015-06-11T10:55:58.804 TRACE [org.springframework.beans.CachedIntrospectionResults] Found bean property 'resourceLoader' of type [org.springframework.core.io.ResourceLoader]
2015-06-11T10:55:58.804 TRACE [org.springframework.beans.CachedIntrospectionResults] Found bean property 'running' of type [boolean]
2015-06-11T10:55:58.804 TRACE [org.springframework.beans.CachedIntrospectionResults] Found bean property 'scheduler' of type [org.quartz.Scheduler]
2015-06-11T10:55:58.805 TRACE [org.springframework.beans.CachedIntrospectionResults] Found bean property 'schedulerContextAsMap' of type [java.util.Map]
2015-06-11T10:55:58.805 TRACE [org.springframework.beans.CachedIntrospectionResults] Found bean property 'schedulerFactoryClass' of type [java.lang.Class]
2015-06-11T10:55:58.805 TRACE [org.springframework.beans.CachedIntrospectionResults] Found bean property 'schedulerListeners' of type [[Lorg.quartz.SchedulerListener;]
2015-06-11T10:55:58.805 TRACE [org.springframework.beans.CachedIntrospectionResults] Found bean property 'schedulerName' of type [java.lang.String]
2015-06-11T10:55:58.805 TRACE [org.springframework.beans.CachedIntrospectionResults] Found bean property 'singleton' of type [boolean]
2015-06-11T10:55:58.806 TRACE [org.springframework.beans.CachedIntrospectionResults] Found bean property 'startupDelay' of type [int]
2015-06-11T10:55:58.806 TRACE [org.springframework.beans.CachedIntrospectionResults] Found bean property 'taskExecutor' of type [java.util.concurrent.Executor]
2015-06-11T10:55:58.806 TRACE [org.springframework.beans.CachedIntrospectionResults] Found bean property 'transactionManager' of type [org.springframework.transaction.PlatformTransactionManager]
2015-06-11T10:55:58.806 TRACE [org.springframework.beans.CachedIntrospectionResults] Found bean property 'triggers' of type [[Lorg.quartz.Trigger;]
2015-06-11T10:55:58.806 TRACE [org.springframework.beans.CachedIntrospectionResults] Found bean property 'waitForJobsToCompleteOnShutdown' of type [boolean]
2015-06-11T10:55:58.808 DEBUG [org.springframework.beans.factory.support.DefaultListableBeanFactory] Invoking afterPropertiesSet() on bean with name 'schedulerFactoryBean'
2015-06-11T10:55:58.846 INFO  [org.quartz.impl.StdSchedulerFactory] Using default implementation for ThreadExecutor
2015-06-11T10:55:58.866 INFO  [org.quartz.core.SchedulerSignalerImpl] Initialized Scheduler Signaller of type: class org.quartz.core.SchedulerSignalerImpl
2015-06-11T10:55:58.868 INFO  [org.quartz.core.QuartzScheduler] Quartz Scheduler v.2.2.1 created.
2015-06-11T10:55:58.869 INFO  [org.quartz.simpl.RAMJobStore] RAMJobStore initialized.
2015-06-11T10:55:58.870 INFO  [org.quartz.core.QuartzScheduler] Scheduler meta-data: Quartz Scheduler (v2.2.1) 'schedulerFactoryBean' with instanceId 'NON_CLUSTERED'
  Scheduler class: 'org.quartz.core.QuartzScheduler' - running locally.
  NOT STARTED.
  Currently in standby mode.
  Number of jobs executed: 0
  Using thread pool 'org.quartz.simpl.SimpleThreadPool' - with 10 threads.
  Using job-store 'org.quartz.simpl.RAMJobStore' - which does not support persistence. and is not clustered.

2015-06-11T10:55:58.870 INFO  [org.quartz.impl.StdSchedulerFactory] Quartz scheduler 'schedulerFactoryBean' initialized from an externally provided properties instance.
2015-06-11T10:55:58.870 INFO  [org.quartz.impl.StdSchedulerFactory] Quartz scheduler version: 2.2.1
2015-06-11T10:55:58.871 INFO  [org.quartz.core.QuartzScheduler] JobFactory set to: com.djordje.cleanarchitecture.AutowiringSpringBeanJobFactory@7219ec67
2015-06-11T10:55:58.872 DEBUG [org.springframework.beans.factory.support.DefaultListableBeanFactory] Finished creating instance of bean 'schedulerFactoryBean'
2015-06-11T10:55:58.872 DEBUG [org.springframework.beans.factory.support.DefaultListableBeanFactory] Returning cached instance of singleton bean 'springBeanJobFactory'
2015-06-11T10:55:58.873 DEBUG [org.springframework.beans.factory.support.DefaultListableBeanFactory] Returning cached instance of singleton bean 'jobDetail'
2015-06-11T10:55:58.876 DEBUG [org.springframework.context.annotation.AnnotationConfigApplicationContext] Unable to locate LifecycleProcessor with name 'lifecycleProcessor': using default [org.springframework.context.support.DefaultLifecycleProcessor@124c278f]
2015-06-11T10:55:58.877 DEBUG [org.springframework.beans.factory.support.DefaultListableBeanFactory] Returning cached instance of singleton bean 'schedulerFactoryBean'
2015-06-11T10:55:58.877 DEBUG [org.springframework.beans.factory.support.DefaultListableBeanFactory] Returning cached instance of singleton bean 'lifecycleProcessor'
2015-06-11T10:55:58.879 INFO  [org.springframework.context.support.DefaultLifecycleProcessor] Starting beans in phase 2147483647
2015-06-11T10:55:58.879 DEBUG [org.springframework.context.support.DefaultLifecycleProcessor] Starting bean 'schedulerFactoryBean' of type [class org.springframework.scheduling.quartz.SchedulerFactoryBean]
2015-06-11T10:55:58.879 INFO  [org.springframework.scheduling.quartz.SchedulerFactoryBean] Starting Quartz Scheduler now
2015-06-11T10:55:58.880 INFO  [org.quartz.core.QuartzScheduler] Scheduler schedulerFactoryBean_$_NON_CLUSTERED started.
2015-06-11T10:55:58.880 DEBUG [org.springframework.context.support.DefaultLifecycleProcessor] Successfully started bean 'schedulerFactoryBean'
2015-06-11T10:55:58.880 TRACE [org.springframework.context.annotation.AnnotationConfigApplicationContext] Publishing event in org.springframework.context.annotation.AnnotationConfigApplicationContext@15615099: org.springframework.context.event.ContextRefreshedEvent[source=org.springframework.context.annotation.AnnotationConfigApplicationContext@15615099: startup date [Thu Jun 11 10:55:58 BST 2015]; root of context hierarchy]
2015-06-11T10:55:58.881 DEBUG [org.quartz.core.QuartzSchedulerThread] batch acquisition of 1 triggers
2015-06-11T10:55:58.882 TRACE [org.springframework.core.env.PropertySourcesPropertyResolver] getProperty("spring.liveBeansView.mbeanDomain", String)
2015-06-11T10:55:58.883 DEBUG [org.springframework.core.env.PropertySourcesPropertyResolver] Searching for key 'spring.liveBeansView.mbeanDomain' in [systemProperties]
2015-06-11T10:55:58.883 DEBUG [org.springframework.core.env.PropertySourcesPropertyResolver] Searching for key 'spring.liveBeansView.mbeanDomain' in [systemEnvironment]
2015-06-11T10:55:58.883 DEBUG [org.springframework.core.env.PropertySourcesPropertyResolver] Could not find key 'spring.liveBeansView.mbeanDomain' in any property source. Returning [null]
2015-06-11T10:55:58.898 DEBUG [org.springframework.beans.factory.annotation.InjectionMetadata] Processing injected element of bean 'com.djordje.cleanarchitecture.entrypoints.WhatsTheTimeManager': AutowiredFieldElement for private com.djordje.cleanarchitecture.core.usecase.WhatsTheTime com.djordje.cleanarchitecture.entrypoints.WhatsTheTimeManager.usecase
2015-06-11T10:55:58.898 DEBUG [org.springframework.beans.factory.support.DefaultListableBeanFactory] Returning cached instance of singleton bean 'whatsTheTime'
2015-06-11T10:55:58.899 DEBUG [org.springframework.beans.factory.annotation.AutowiredAnnotationBeanPostProcessor] Autowiring by type from bean name 'com.djordje.cleanarchitecture.entrypoints.WhatsTheTimeManager' to bean named 'whatsTheTime'
2015-06-11T10:55:58.899 DEBUG [org.springframework.beans.factory.annotation.InjectionMetadata] Processing injected element of bean 'com.djordje.cleanarchitecture.entrypoints.WhatsTheTimeManager': AutowiredFieldElement for private com.djordje.cleanarchitecture.core.dataprovider.LocationRetriever com.djordje.cleanarchitecture.entrypoints.WhatsTheTimeManager.locationDataProvider
2015-06-11T10:55:58.899 DEBUG [org.springframework.beans.factory.support.DefaultListableBeanFactory] Returning cached instance of singleton bean 'locationRetrieverDataProvider'
2015-06-11T10:55:58.899 DEBUG [org.springframework.beans.factory.annotation.AutowiredAnnotationBeanPostProcessor] Autowiring by type from bean name 'com.djordje.cleanarchitecture.entrypoints.WhatsTheTimeManager' to bean named 'locationRetrieverDataProvider'
2015-06-11T10:55:58.901 DEBUG [org.quartz.core.QuartzSchedulerThread] batch acquisition of 1 triggers
2015-06-11T10:55:58.901 DEBUG [org.quartz.core.JobRunShell] Calling execute on job DEFAULT.WhatsTheTime
2015-06-11T10:55:59.743 DEBUG [org.springframework.beans.factory.annotation.InjectionMetadata] Processing injected element of bean 'com.djordje.cleanarchitecture.entrypoints.WhatsTheTimeManager': AutowiredFieldElement for private com.djordje.cleanarchitecture.core.usecase.WhatsTheTime com.djordje.cleanarchitecture.entrypoints.WhatsTheTimeManager.usecase
2015-06-11T10:55:59.743 DEBUG [org.springframework.beans.factory.support.DefaultListableBeanFactory] Returning cached instance of singleton bean 'whatsTheTime'
2015-06-11T10:55:59.743 DEBUG [org.springframework.beans.factory.annotation.InjectionMetadata] Processing injected element of bean 'com.djordje.cleanarchitecture.entrypoints.WhatsTheTimeManager': AutowiredFieldElement for private com.djordje.cleanarchitecture.core.dataprovider.LocationRetriever com.djordje.cleanarchitecture.entrypoints.WhatsTheTimeManager.locationDataProvider
2015-06-11T10:55:59.743 DEBUG [org.springframework.beans.factory.support.DefaultListableBeanFactory] Returning cached instance of singleton bean 'locationRetrieverDataProvider'
2015-06-11T10:55:59.743 DEBUG [org.quartz.core.QuartzSchedulerThread] batch acquisition of 1 triggers
2015-06-11T10:55:59.743 DEBUG [org.quartz.core.JobRunShell] Calling execute on job DEFAULT.WhatsTheTime
2015-06-11T10:55:59.868 DEBUG [org.quartz.utils.UpdateChecker] Checking for available updated version of Quartz...
2015-06-11T10:56:00.744 DEBUG [org.springframework.beans.factory.annotation.InjectionMetadata] Processing injected element of bean 'com.djordje.cleanarchitecture.entrypoints.WhatsTheTimeManager': AutowiredFieldElement for private com.djordje.cleanarchitecture.core.usecase.WhatsTheTime com.djordje.cleanarchitecture.entrypoints.WhatsTheTimeManager.usecase
2015-06-11T10:56:00.744 DEBUG [org.springframework.beans.factory.support.DefaultListableBeanFactory] Returning cached instance of singleton bean 'whatsTheTime'
2015-06-11T10:56:00.744 DEBUG [org.springframework.beans.factory.annotation.InjectionMetadata] Processing injected element of bean 'com.djordje.cleanarchitecture.entrypoints.WhatsTheTimeManager': AutowiredFieldElement for private com.djordje.cleanarchitecture.core.dataprovider.LocationRetriever com.djordje.cleanarchitecture.entrypoints.WhatsTheTimeManager.locationDataProvider
2015-06-11T10:56:00.744 DEBUG [org.springframework.beans.factory.support.DefaultListableBeanFactory] Returning cached instance of singleton bean 'locationRetrieverDataProvider'
2015-06-11T10:56:00.744 DEBUG [org.quartz.core.QuartzSchedulerThread] batch acquisition of 1 triggers
2015-06-11T10:56:00.744 DEBUG [org.quartz.core.JobRunShell] Calling execute on job DEFAULT.WhatsTheTime
2015-06-11T10:56:01.744 DEBUG [org.springframework.beans.factory.annotation.InjectionMetadata] Processing injected element of bean 'com.djordje.cleanarchitecture.entrypoints.WhatsTheTimeManager': AutowiredFieldElement for private com.djordje.cleanarchitecture.core.usecase.WhatsTheTime com.djordje.cleanarchitecture.entrypoints.WhatsTheTimeManager.usecase
2015-06-11T10:56:01.744 DEBUG [org.springframework.beans.factory.support.DefaultListableBeanFactory] Returning cached instance of singleton bean 'whatsTheTime'
2015-06-11T10:56:01.744 DEBUG [org.springframework.beans.factory.annotation.InjectionMetadata] Processing injected element of bean 'com.djordje.cleanarchitecture.entrypoints.WhatsTheTimeManager': AutowiredFieldElement for private com.djordje.cleanarchitecture.core.dataprovider.LocationRetriever com.djordje.cleanarchitecture.entrypoints.WhatsTheTimeManager.locationDataProvider
2015-06-11T10:56:01.744 DEBUG [org.springframework.beans.factory.support.DefaultListableBeanFactory] Returning cached instance of singleton bean 'locationRetrieverDataProvider'
2015-06-11T10:56:01.744 DEBUG [org.quartz.core.QuartzSchedulerThread] batch acquisition of 1 triggers
2015-06-11T10:56:01.744 DEBUG [org.quartz.core.JobRunShell] Calling execute on job DEFAULT.WhatsTheTime
2015-06-11T10:56:02.743 DEBUG [org.springframework.beans.factory.annotation.InjectionMetadata] Processing injected element of bean 'com.djordje.cleanarchitecture.entrypoints.WhatsTheTimeManager': AutowiredFieldElement for private com.djordje.cleanarchitecture.core.usecase.WhatsTheTime com.djordje.cleanarchitecture.entrypoints.WhatsTheTimeManager.usecase
2015-06-11T10:56:02.743 DEBUG [org.springframework.beans.factory.support.DefaultListableBeanFactory] Returning cached instance of singleton bean 'whatsTheTime'
2015-06-11T10:56:02.744 DEBUG [org.springframework.beans.factory.annotation.InjectionMetadata] Processing injected element of bean 'com.djordje.cleanarchitecture.entrypoints.WhatsTheTimeManager': AutowiredFieldElement for private com.djordje.cleanarchitecture.core.dataprovider.LocationRetriever com.djordje.cleanarchitecture.entrypoints.WhatsTheTimeManager.locationDataProvider
2015-06-11T10:56:02.744 DEBUG [org.springframework.beans.factory.support.DefaultListableBeanFactory] Returning cached instance of singleton bean 'locationRetrieverDataProvider'
2015-06-11T10:56:02.744 DEBUG [org.quartz.core.QuartzSchedulerThread] batch acquisition of 1 triggers
2015-06-11T10:56:02.744 DEBUG [org.quartz.core.JobRunShell] Calling execute on job DEFAULT.WhatsTheTime
